2017-05-08 19:53:45,765 INFO 载入数据......
2017-05-08 19:53:45,825 DEBUG 载入完成,准备生成字典对象和统计文本数据...
2017-05-08 19:53:45,828 INFO 共有11个文档
2017-05-08 19:56:08,259 INFO 载入数据......
2017-05-08 19:56:08,259 DEBUG 载入完成,准备生成字典对象和统计文本数据...
2017-05-08 19:56:08,260 INFO 共有11个文档
2017-05-08 19:56:20,519 INFO 载入数据......
2017-05-08 19:56:20,520 DEBUG 载入完成,准备生成字典对象和统计文本数据...
2017-05-08 19:56:20,520 INFO 共有11个文档
2017-05-08 19:56:20,579 INFO 词与序号对应关系已保存到E:\Ƽϵͳ\\python-LDA-master\python-LDA-master\data\tmp\wordidmap.dat
2017-05-08 19:56:21,088 INFO 迭代完成。
2017-05-08 19:56:21,088 DEBUG 计算文章-主题分布
2017-05-08 19:56:21,088 DEBUG 计算词-主题分布
2017-05-08 19:56:21,088 DEBUG 保存模型
2017-05-08 19:57:27,125 INFO 载入数据......
2017-05-08 19:57:27,125 DEBUG 载入完成,准备生成字典对象和统计文本数据...
2017-05-08 19:57:27,127 INFO 共有11个文档
2017-05-08 19:57:27,128 INFO 词与序号对应关系已保存到E:\Ƽϵͳ\\python-LDA-master\python-LDA-master\data\tmp\wordidmap.dat
2017-05-08 19:57:27,546 INFO 迭代完成。
2017-05-08 19:57:27,546 DEBUG 计算文章-主题分布
2017-05-08 19:57:27,546 DEBUG 计算词-主题分布
2017-05-08 19:57:27,546 DEBUG 保存模型
2017-05-08 19:58:12,128 INFO 载入数据......
2017-05-08 19:58:12,128 DEBUG 载入完成,准备生成字典对象和统计文本数据...
2017-05-08 19:58:12,144 INFO 11ĵ
2017-05-08 19:58:12,155 INFO 词与序号对应关系已保存到E:\Ƽϵͳ\\python-LDA-master\python-LDA-master\data\tmp\wordidmap.dat
2017-05-08 19:58:12,575 INFO ɡ
2017-05-08 19:58:12,627 DEBUG -ֲ
2017-05-08 19:58:12,635 DEBUG -ֲ
2017-05-08 19:58:12,635 DEBUG ģ
2017-05-08 19:58:12,638 INFO -ֲѱ浽E:\Ƽϵͳ\\python-LDA-master\python-LDA-master\data\tmp\model_theta.dat
2017-05-08 19:58:12,698 INFO -ֲѱ浽E:\Ƽϵͳ\\python-LDA-master\python-LDA-master\data\tmp\model_phi.dat
2017-05-08 19:58:12,709 INFO ѱ浽E:\Ƽϵͳ\\python-LDA-master\python-LDA-master\data\tmp\model_parameter.dat
2017-05-08 19:58:12,710 INFO topNѱ浽E:\Ƽϵͳ\\python-LDA-master\python-LDA-master\data\tmp\model_twords.dat
2017-05-08 19:58:12,753 INFO --ɽѱ浽E:\Ƽϵͳ\\python-LDA-master\python-LDA-master\data\tmp\model_tassign.dat
2017-05-08 19:58:12,765 INFO ģѵɡ
2017-05-08 19:58:22,197 INFO 载入数据......
2017-05-08 19:58:22,198 DEBUG 载入完成,准备生成字典对象和统计文本数据...
2017-05-08 19:58:22,198 INFO 11ĵ
2017-05-08 19:58:22,201 INFO 词与序号对应关系已保存到E:\Ƽϵͳ\\python-LDA-master\python-LDA-master\data\tmp\wordidmap.dat
2017-05-08 19:58:22,621 INFO ɡ
2017-05-08 19:58:22,621 DEBUG -ֲ
2017-05-08 19:58:22,621 DEBUG -ֲ
2017-05-08 19:58:22,621 DEBUG ģ
2017-05-08 19:58:22,621 INFO -ֲѱ浽E:\Ƽϵͳ\\python-LDA-master\python-LDA-master\data\tmp\model_theta.dat
2017-05-08 19:58:22,674 INFO -ֲѱ浽E:\Ƽϵͳ\\python-LDA-master\python-LDA-master\data\tmp\model_phi.dat
2017-05-08 19:58:22,676 INFO ѱ浽E:\Ƽϵͳ\\python-LDA-master\python-LDA-master\data\tmp\model_parameter.dat
2017-05-08 19:58:22,677 INFO topNѱ浽E:\Ƽϵͳ\\python-LDA-master\python-LDA-master\data\tmp\model_twords.dat
2017-05-08 19:58:22,698 INFO --ɽѱ浽E:\Ƽϵͳ\\python-LDA-master\python-LDA-master\data\tmp\model_tassign.dat
2017-05-08 19:58:22,700 INFO ģѵɡ
2017-05-08 19:59:28,079 INFO 载入数据......
2017-05-08 19:59:28,081 DEBUG 载入完成,准备生成字典对象和统计文本数据...
2017-05-08 19:59:28,082 INFO 11ĵ
2017-05-08 19:59:28,084 INFO ŶӦϵѱ浽E:\Ƽϵͳ\\python-LDA-master\python-LDA-master\data\tmp\wordidmap.dat
2017-05-08 19:59:28,526 INFO ɡ
2017-05-08 19:59:28,526 DEBUG -ֲ
2017-05-08 19:59:28,526 DEBUG -ֲ
2017-05-08 19:59:28,526 DEBUG ģ
2017-05-08 19:59:28,526 INFO -ֲѱ浽E:\Ƽϵͳ\\python-LDA-master\python-LDA-master\data\tmp\model_theta.dat
2017-05-08 19:59:28,528 INFO -ֲѱ浽E:\Ƽϵͳ\\python-LDA-master\python-LDA-master\data\tmp\model_phi.dat
2017-05-08 19:59:28,529 INFO ѱ浽E:\Ƽϵͳ\\python-LDA-master\python-LDA-master\data\tmp\model_parameter.dat
2017-05-08 19:59:28,529 INFO topNѱ浽E:\Ƽϵͳ\\python-LDA-master\python-LDA-master\data\tmp\model_twords.dat
2017-05-08 19:59:28,546 INFO --ɽѱ浽E:\Ƽϵͳ\\python-LDA-master\python-LDA-master\data\tmp\model_tassign.dat
2017-05-08 19:59:28,546 INFO ģѵɡ
2017-05-08 20:00:03,444 INFO ......
2017-05-08 20:00:03,444 DEBUG 载入完成,准备生成字典对象和统计文本数据...
2017-05-08 20:00:03,444 INFO 11ĵ
2017-05-08 20:00:03,447 INFO ŶӦϵѱ浽E:\Ƽϵͳ\\python-LDA-master\python-LDA-master\data\tmp\wordidmap.dat
2017-05-08 20:00:03,502 INFO ......
2017-05-08 20:00:03,502 DEBUG 载入完成,准备生成字典对象和统计文本数据...
2017-05-08 20:00:03,503 INFO 11ĵ
2017-05-08 20:00:03,503 INFO ŶӦϵѱ浽E:\Ƽϵͳ\\python-LDA-master\python-LDA-master\data\tmp\wordidmap.dat
2017-05-08 20:00:03,926 INFO ɡ
2017-05-08 20:00:03,926 DEBUG -ֲ
2017-05-08 20:00:03,926 DEBUG -ֲ
2017-05-08 20:00:03,926 DEBUG ģ
2017-05-08 20:00:03,926 INFO -ֲѱ浽E:\Ƽϵͳ\\python-LDA-master\python-LDA-master\data\tmp\model_theta.dat
2017-05-08 20:00:03,927 INFO -ֲѱ浽E:\Ƽϵͳ\\python-LDA-master\python-LDA-master\data\tmp\model_phi.dat
2017-05-08 20:00:03,928 INFO ѱ浽E:\Ƽϵͳ\\python-LDA-master\python-LDA-master\data\tmp\model_parameter.dat
2017-05-08 20:00:03,930 INFO topNѱ浽E:\Ƽϵͳ\\python-LDA-master\python-LDA-master\data\tmp\model_twords.dat
2017-05-08 20:00:03,947 INFO --ɽѱ浽E:\Ƽϵͳ\\python-LDA-master\python-LDA-master\data\tmp\model_tassign.dat
2017-05-08 20:00:03,948 INFO ģѵɡ
2017-05-08 20:03:20,759 INFO ......
2017-05-08 20:03:20,759 DEBUG 载入完成,准备生成字典对象和统计文本数据...
2017-05-08 20:03:20,760 INFO 11ĵ
2017-05-08 20:03:35,888 INFO ......
2017-05-08 20:03:35,890 DEBUG 载入完成,准备生成字典对象和统计文本数据...
2017-05-08 20:03:35,891 INFO 11ĵ
